<?xml version="1.0" encoding="UTF-8"?>
<testng-results ignored="0" total="4" passed="4" failed="0" skipped="0">
  <reporter-output>
  </reporter-output>
  <suite started-at="2022-05-30T22:07:40 EDT" name="Default suite" finished-at="2022-05-30T22:07:40 EDT" duration-ms="50">
    <groups>
    </groups>
    <test started-at="2022-05-30T22:07:40 EDT" name="Default test" finished-at="2022-05-30T22:07:40 EDT" duration-ms="50">
      <class name="com.neotech.lesson02.PriorityDemo">
        <test-method signature="firstTest()[pri:0, instance:com.neotech.lesson02.PriorityDemo@3e84448c]" started-at="2022-05-30T22:07:40 EDT" name="firstTest" finished-at="2022-05-30T22:07:40 EDT" duration-ms="7" status="PASS">
          <reporter-output>
          </reporter-output>
        </test-method> <!-- firstTest -->
        <test-method signature="secondTest()[pri:1, instance:com.neotech.lesson02.PriorityDemo@3e84448c]" started-at="2022-05-30T22:07:40 EDT" name="secondTest" finished-at="2022-05-30T22:07:40 EDT" duration-ms="1" status="PASS">
          <reporter-output>
          </reporter-output>
        </test-method> <!-- secondTest -->
        <test-method signature="thirdTest()[pri:2, instance:com.neotech.lesson02.PriorityDemo@3e84448c]" started-at="2022-05-30T22:07:40 EDT" name="thirdTest" finished-at="2022-05-30T22:07:40 EDT" duration-ms="1" status="PASS">
          <reporter-output>
          </reporter-output>
        </test-method> <!-- thirdTest -->
        <test-method signature="fourthTest()[pri:3, instance:com.neotech.lesson02.PriorityDemo@3e84448c]" started-at="2022-05-30T22:07:40 EDT" name="fourthTest" finished-at="2022-05-30T22:07:40 EDT" duration-ms="1" status="PASS">
          <reporter-output>
          </reporter-output>
        </test-method> <!-- fourthTest -->
      </class> <!-- com.neotech.lesson02.PriorityDemo -->
    </test> <!-- Default test -->
  </suite> <!-- Default suite -->
</testng-results>
