<?xml version="1.0" encoding="UTF-8"?>
<!-- Generated by org.testng.reporters.JUnitXMLReporter -->
<testsuite ignored="0" hostname="DESKTOP-DIIVROI" failures="0" tests="4" name="Default test" time="0.05" errors="0" timestamp="2022-05-30T22:07:40 EDT">
  <testcase classname="com.neotech.lesson02.PriorityDemo" name="firstTest" time="0.007"/>
  <testcase classname="com.neotech.lesson02.PriorityDemo" name="secondTest" time="0.001"/>
  <testcase classname="com.neotech.lesson02.PriorityDemo" name="thirdTest" time="0.001"/>
  <testcase classname="com.neotech.lesson02.PriorityDemo" name="fourthTest" time="0.001"/>
</testsuite> <!-- Default test -->
